C51 COMPILER V9.01   WATCHDOG                                                              02/13/2019 11:18:47 PAGE 1   


C51 COMPILER V9.01, COMPILATION OF MODULE WATCHDOG
OBJECT MODULE PLACED IN .\Objects\watchdog.obj
COMPILER INVOKED BY: E:\KEIL14开发程序\C51\BIN\C51.EXE Library\system\WatchDog\watchdog.c LARGE OPTIMIZE(8,SPEED) BROWSE
                    - INCDIR(.\Library\device\digital tube;.\Library\device\HC_SR04;.\Library\device\MP3Player;.\Library\device\Servo;.\Libra
                    -ry\device\WS2812B;.\Library\system\ADC;.\Library\system\delay;.\Library\system\EEPROM;.\Library\system\EXTI;.\Library\sy
                    -stem\GPIO;.\Library\system\IIC;.\Library\system\PCA;.\Library\system\PWM;.\Library\system\SYSTEM(Important documents）;.
                    -\Library\system\TIMER;.\Library\system\UART;.\Library\system\WatchDog) DEBUG OBJECTEXTEND PRINT(.\Listings\watchdog.lst)
                    - TABS(2) OBJECT(.\Objects\watchdog.obj)

line level    source

   1          /**
   2            ******************************************************************************
   3            * @file    watchdog.c
   4            * @author  PineconePi
   5            * @version V1.0.0
   6            * @date    20-December-2018
   7            * @brief  This file is used to Configure internal WATCHDOG 
   8            * @License:GNU General Public License v3.0         
   9            ******************************************************************************
  10            * @attention
  11            *
  12            *
  13            *  
  14            * 
  15            * 
  16            * 
  17            * 
  18            *
  19            * 
  20            ******************************************************************************
  21            **/
  22          #include "watchdog.h"
  23          
  24          //========================================================================
  25          // 函数: void setup_watchdog(unsigned char WDT_MODE_x)
  26          // 描述: 设置并使能看门狗。
  27          // 参数: WDT_MODE_x:对看门狗溢出时间进行设置
  28          //       
  29          //       
  30          // 返回: 
  31          // 版本: VER1.0.0
  32          // 日期: 2018-12-20
  33          // 作者: PineconePi
  34          // 备注:
  35          //  
  36          //  
  37          //  
  38          //  
  39          //  
  40          //========================================================================
  41          void setup_watchdog(unsigned char WDT_MODE_x)
  42          {
  43   1          WDT_CONTR = WDT_MODE_x;            //使能并设置看门狗
  44   1      } 
  45          //========================================================================
  46          // 函数: off_watchdog()
  47          // 描述: 关闭看门狗。
  48          // 参数: 
  49          //       
  50          //       
C51 COMPILER V9.01   WATCHDOG                                                              02/13/2019 11:18:47 PAGE 2   

  51          // 返回: 
  52          // 版本: VER1.0.0
  53          // 日期: 2018-12-20
  54          // 作者: PineconePi
  55          // 备注:
  56          //  
  57          //  
  58          //  
  59          //  
  60          //  
  61          //========================================================================
  62          void off_watchdog()
  63          {
  64   1        WDT_CONTR = 0x00; //关闭看门狗
  65   1      }
  66          //========================================================================
  67          // 函数: void feed_dog()
  68          // 描述: //喂看门狗,否则系统复位。
  69          // 参数: 
  70          //       
  71          //       
  72          // 返回: 
  73          // 版本: VER1.0.0
  74          // 日期: 2018-12-20
  75          // 作者: PineconePi
  76          // 备注:
  77          //  
  78          //  
  79          //  
  80          //  
  81          //  
  82          //========================================================================
  83          void feed_dog()
  84          {
  85   1        WDT_CONTR |= 0x10;                      //喂看门狗,否则系统复位
  86   1      }


MODULE INFORMATION:   STATIC OVERLAYABLE
   CODE SIZE        =     11    ----
   CONSTANT SIZE    =   ----    ----
   XDATA SIZE       =   ----    ----
   PDATA SIZE       =   ----    ----
   DATA SIZE        =   ----    ----
   IDATA SIZE       =   ----    ----
   BIT SIZE         =   ----    ----
END OF MODULE INFORMATION.


C51 COMPILATION COMPLETE.  0 WARNING(S),  0 ERROR(S)
