C51 COMPILER V9.01   DELAY                                                                 06/26/2019 15:58:53 PAGE 1   


C51 COMPILER V9.01, COMPILATION OF MODULE DELAY
OBJECT MODULE PLACED IN .\Delay.obj
COMPILER INVOKED BY: E:\KEIL14¿ª·¢³ÌÐò\C51\BIN\C51.EXE ..\Lib\Delay\Delay.c LARGE OPTIMIZE(8,SPEED) BROWSE INCDIR(..\Hal
                    -\Hal_Usart;..\Utils;..\Hal;..\User;..\Gizwits;..\Hal\Hal_key;..\SYSTEM;..\Lib\Delay) DEBUG OBJECTEXTEND PRINT(.\Delay.ls
                    -t) TABS(2) OBJECT(.\Delay.obj)

line level    source

   1          /**
   2            ******************************************************************************
   3            * @file    Delay.c
   4            * @author  PineconePi(»ùÓÚºê¾§¿Æ¼¼STC15¿âº¯Êý½øÐÐÐÞ¸Ä)
   5            * @version V1.0.0
   6            * @date    20-December-2018
   7            * @brief  This file is used to complete software Delay
   8            * @License:GNU General Public License v3.0         
   9            ******************************************************************************
  10            * @attention
  11            *The frequency of crystal oscillator is 24 Mhz
  12            *
  13            *  
  14            * 
  15            * 
  16            * 
  17            * 
  18            *
  19            * 
  20            ******************************************************************************
  21            **/
  22          #include "Delay.h"
  23          #include "Intrins.h"
  24          //========================================================================
  25          // Function:void Delay_Ms(unsigned int ms)|º¯Êý: void Delay_Ms(unsigned int ms)
  26          // Description:Delay Function|ÃèÊö: ÑÓÊ±º¯Êý¡£
  27          // Parameter:Ms, the number of MS to be delayed, where only 1-10000 (10s) MS is supported|²ÎÊý: Ms,ÒªÑÓÊ±µ
             -ÄmsÊý, ÕâÀïÖ»Ö§³Ö1~10000 (10s) ms
  28          // Return:none|·µ»Ø: none.
  29          // Version VER1.0.0|°æ±¾: VER1.0.0
  30          // Date:2018-12-20|ÈÕÆÚ: 2018-12-20
  31          // Note:delay_ms(1000);//Delay 1s|±¸×¢: delay_ms(1000);//ÑÓ³Ù1s
  32          //========================================================================
  33          void User_Delay_Ms(unsigned int Ms){
  34   1        unsigned int k;
  35   1        unsigned char i, j;
  36   1        for(k=0;k<Ms;k++)
  37   1        {
  38   2        _nop_();
  39   2        i = 32;
  40   2        j = 40;
  41   2          do
  42   2          {
  43   3            while (--j);
  44   3          } while (--i);
  45   2        }
  46   1                                   }
  47          //========================================================================
  48          // Function:Delay_Us(unsigned int Us)|º¯Êý: Delay_Us(unsigned int Us)
  49          // Description:Delay Function|ÃèÊö: ÑÓÊ±º¯Êý¡£
  50          // Parameter:Us, the number of us delays, where only 1-10000 (10ms) us is supported|²ÎÊý: Us,ÒªÑÓÊ±µÄusÊý,
             - ÕâÀïÖ»Ö§³Ö1~10000 (10ms) us
  51          // Return:none|·µ»Ø: none.
C51 COMPILER V9.01   DELAY                                                                 06/26/2019 15:58:53 PAGE 2   

  52          // Version:VER1.0.0|°æ±¾: VER1.0.0
  53          // Date:2018-12-20|ÈÕÆÚ: 2018-12-20
  54          // Note:delay_us(1000);//delay 1ms|±¸×¢: delay_us(1000);//ÑÓ³Ù1ms
  55          //========================================================================
  56          void Delay_Us(unsigned int Us){
  57   1        unsigned int k;
  58   1        unsigned char i;
  59   1        for(k=0;k<Us;k++)
  60   1        {
  61   2        i = 6;
  62   2        while (--i);
  63   2        }
  64   1                                    }


MODULE INFORMATION:   STATIC OVERLAYABLE
   CODE SIZE        =     49    ----
   CONSTANT SIZE    =   ----    ----
   XDATA SIZE       =   ----    ----
   PDATA SIZE       =   ----    ----
   DATA SIZE        =   ----    ----
   IDATA SIZE       =   ----    ----
   BIT SIZE         =   ----    ----
END OF MODULE INFORMATION.


C51 COMPILATION COMPLETE.  0 WARNING(S),  0 ERROR(S)
