C51 COMPILER V9.01   EEPROM                                                                05/20/2019 10:29:16 PAGE 1   


C51 COMPILER V9.01, COMPILATION OF MODULE EEPROM
OBJECT MODULE PLACED IN .\Objects\EEPROM.obj
COMPILER INVOKED BY: E:\KEIL14开发程序\C51\BIN\C51.EXE Library\system\EEPROM\EEPROM.c LARGE OPTIMIZE(8,SPEED) BROWSE INC
                    -DIR(.\Library\device\digital tube;.\Library\device\HC_SR04;.\Library\device\MP3Player;.\Library\device\Servo;.\Library\d
                    -evice\WS2812B;.\Library\system\ADC;.\Library\system\delay;.\Library\system\EEPROM;.\Library\system\EXTI;.\Library\system
                    -\GPIO;.\Library\system\IIC;.\Library\system\PCA;.\Library\system\PWM;.\Library\system\SYSTEM(Important documents）;.\Lib
                    -rary\system\TIMER;.\Library\system\UART;.\Library\system\WatchDog) DEBUG OBJECTEXTEND PRINT(.\Listings\EEPROM.lst) TABS(
                    -2) OBJECT(.\Objects\EEPROM.obj)

line level    source

   1          /**
   2            ******************************************************************************
   3            * @file    eeprom.c
   4            * @author  PineconePi
   5            * @version V1.0.0
   6            * @date    20-December-2018
   7            * @brief  This file is used to Configure internal EEPROM 
   8            * @License:GNU General Public License v3.0         
   9            ******************************************************************************
  10            * @attention
  11            *Pinecone Pi NANO: The size of EEPROM is set by STC-ISP
  12            *
  13            *  
  14            * 
  15            * 
  16            * 
  17            * 
  18            *
  19            * 
  20            ******************************************************************************
  21            **/
  22            
  23          #include "system.h"
  24          #include "eeprom.h"
  25          #include "intrins.h"
  26          
  27          //========================================================================
  28          // 函数: void DisableEEPROM(void)
  29          // 描述: 关闭IAP功能。
  30          // 参数: 
  31          //       
  32          //       
  33          // 返回: 
  34          // 版本: VER1.0.0
  35          // 日期: 2018-12-20
  36          // 作者: PineconePi
  37          // 备注:
  38          //  
  39          //  
  40          //  
  41          //  
  42          //  
  43          //========================================================================
  44          void  DisableEEPROM(void)
  45          {
  46   1          IAP_CONTR = 0;                              //关闭IAP功能
  47   1          IAP_CMD = 0;                                //清除命令寄存器
  48   1          IAP_TRIG = 0;                               //清除触发寄存器
  49   1          IAP_ADDRH = 0x80;                           //将地址设置到非IAP区域
  50   1          IAP_ADDRL = 0;
C51 COMPILER V9.01   EEPROM                                                                05/20/2019 10:29:16 PAGE 2   

  51   1      }
  52          
  53          //========================================================================
  54          // 函数: char EEPROM_read(int addr)
  55          // 描述: 向地址addr中读取一个字节数据。
  56          // 参数: addr:读取地址
  57          //       
  58          //       
  59          // 返回: addr地址中一个字节的数据
  60          // 版本: VER1.0.0
  61          // 日期: 2018-12-20
  62          // 作者: PineconePi
  63          // 备注:
  64          //  
  65          //  
  66          //  
  67          //  
  68          //  
  69          //========================================================================
  70          
  71          char EEPROM_read(int addr)
  72          {
  73   1          char dat;
  74   1      
  75   1          IAP_CONTR = WT_24M;                         //使能IAP
  76   1          IAP_CMD = 1;                                //设置IAP读命令
  77   1          IAP_ADDRL = addr;                           //设置IAP低地址
  78   1          IAP_ADDRH = addr >> 8;                      //设置IAP高地址
  79   1          IAP_TRIG = 0x5a;                            //写触发命令(0x5a)
  80   1          IAP_TRIG = 0xa5;                            //写触发命令(0xa5)
  81   1          _nop_();
  82   1          dat = IAP_DATA;                             //读IAP数据
  83   1          DisableEEPROM();                                  //关闭IAP功能
  84   1      
  85   1          return dat;
  86   1      }
  87          
  88          //========================================================================
  89          // 函数:void EEPROM_Erase(int addr)
  90          // 描述: 对地址addr进行数据擦出。
  91          // 参数: addr:要擦除的EEPROM的地址.
  92          //       
  93          //       
  94          // 返回: 
  95          // 版本: VER1.0.0
  96          // 日期: 2018-12-20
  97          // 作者: PineconePi
  98          // 备注:
  99          //  
 100          //  
 101          //  
 102          //  
 103          //  
 104          //========================================================================
 105          void EEPROM_Erase(int addr)
 106          {
 107   1          IAP_CONTR = WT_24M;                         //使能IAP
 108   1          IAP_CMD = 3;                                //设置IAP擦除命令
 109   1          IAP_ADDRL = addr;                           //设置IAP低地址
 110   1          IAP_ADDRH = addr >> 8;                      //设置IAP高地址
 111   1          IAP_TRIG = 0x5a;                            //写触发命令(0x5a)
 112   1          IAP_TRIG = 0xa5;                            //写触发命令(0xa5)
C51 COMPILER V9.01   EEPROM                                                                05/20/2019 10:29:16 PAGE 3   

 113   1          _nop_();                                    //
 114   1          DisableEEPROM();                                   //关闭IAP功能
 115   1      }
 116          
 117          //========================================================================
 118          // 函数:void EEPROM_write(int addr, char dat)
 119          // 描述: 向地址addr中写入一个字节数据dat。
 120          // 参数: addr:要写入的EEPROM的地址.
 121          //       dat:写入的数据
 122          //       
 123          // 返回: 
 124          // 版本: VER1.0.0
 125          // 日期: 2018-12-20
 126          // 作者: PineconePi
 127          // 备注:
 128          //  
 129          //  
 130          //  
 131          //  
 132          //  
 133          //========================================================================
 134          void EEPROM_write(int addr, char dat)
 135          {
 136   1          IAP_CONTR = WT_24M;                         //使能IAP
 137   1          IAP_CMD = 2;                                //设置IAP写命令
 138   1          IAP_ADDRL = addr;                           //设置IAP低地址
 139   1          IAP_ADDRH = addr >> 8;                      //设置IAP高地址
 140   1          IAP_DATA = dat;                             //写IAP数据
 141   1          IAP_TRIG = 0x5a;                            //写触发命令(0x5a)
 142   1          IAP_TRIG = 0xa5;                            //写触发命令(0xa5)
 143   1          _nop_();
 144   1          DisableEEPROM();                                  //关闭IAP功能
 145   1      }
 146          


MODULE INFORMATION:   STATIC OVERLAYABLE
   CODE SIZE        =     86    ----
   CONSTANT SIZE    =   ----    ----
   XDATA SIZE       =   ----    ----
   PDATA SIZE       =   ----    ----
   DATA SIZE        =   ----    ----
   IDATA SIZE       =   ----    ----
   BIT SIZE         =   ----    ----
END OF MODULE INFORMATION.


C51 COMPILATION COMPLETE.  0 WARNING(S),  0 ERROR(S)
