C51 COMPILER V9.01   PWM                                                                   05/20/2019 10:29:18 PAGE 1   


C51 COMPILER V9.01, COMPILATION OF MODULE PWM
OBJECT MODULE PLACED IN .\Objects\PWM.obj
COMPILER INVOKED BY: E:\KEIL14开发程序\C51\BIN\C51.EXE Library\system\PWM\PWM.c LARGE OPTIMIZE(8,SPEED) BROWSE INCDIR(.\
                    -Library\device\digital tube;.\Library\device\HC_SR04;.\Library\device\MP3Player;.\Library\device\Servo;.\Library\device\
                    -WS2812B;.\Library\system\ADC;.\Library\system\delay;.\Library\system\EEPROM;.\Library\system\EXTI;.\Library\system\GPIO;
                    -.\Library\system\IIC;.\Library\system\PCA;.\Library\system\PWM;.\Library\system\SYSTEM(Important documents）;.\Library\s
                    -ystem\TIMER;.\Library\system\UART;.\Library\system\WatchDog) DEBUG OBJECTEXTEND PRINT(.\Listings\PWM.lst) TABS(2) OBJECT
                    -(.\Objects\PWM.obj)

line level    source

   1          /**
   2            ******************************************************************************
   3            * @file    PWM.H
   4            * @author  PineconePi (BTA-16 And xdd_core)
   5            * @version V1.0.0
   6            * @date    20-February-2019
   7            * @brief  This document is used for PWM configuration
   8            * @License:GNU General Public License v3.0         
   9            ******************************************************************************
  10            * @attention
  11            *
  12            *  
  13            * 
  14            * 
  15            * 
  16            * 
  17            *
  18            * 
  19            ******************************************************************************
  20            **/
  21          #include "PWM.h"
  22          
  23          //========================================================================
  24          // 函数: void PWM_Output(unsigned char PWM_Number,PWM_InitTypeDef *PWMx)
  25          // 描述: PWM模块输出函数。
  26          // 参数: PWM_Number   (PWM模块编号 参数范围：0~7)
  27          //       *PWMx：详情见PWM.h
  28          // 返回: None.
  29          // 版本: VER1.0.0
  30          // 日期: 2019-2-10
  31          // 备注: 
  32          // 
  33          //========================================================================
  34          void PWM_Output(unsigned char PWM_Number,PWM_InitTypeDef *PWMx)
  35          { 
  36   1        float PWM_Buf = 0,PWM_Pre = 0,PWM_Value;
  37   1        PWM_Buf = ( 1500000 / PWMx->PWM_Frequency );
  38   1        PWM_Value = 1000 - PWMx->PWM_Value;
  39   1        PWM_Pre = (PWM_Value/1000);
  40   1        P_SW2 = 0x80;                               //允许访问扩展RAM（STC新增）
  41   1        PWMCKS = 0x0f;                              //系统时钟16分频
  42   1        PWMC = PWM_Buf; 
  43   1        switch(PWM_Number)
  44   1        {
  45   2          case 0 : PWM0T1 = 0x0000;PWM0T2 = PWM_Buf*PWM_Pre;PWM0CR= 0x80|PWMx->PWM_Channelx;break;
  46   2          case 1 : PWM1T1 = 0x0000;PWM1T2 = PWM_Buf*PWM_Pre;PWM1CR= 0x80|PWMx->PWM_Channelx;break;
  47   2          case 2 : PWM2T1 = 0x0000;PWM2T2 = PWM_Buf*PWM_Pre;PWM2CR= 0x80|PWMx->PWM_Channelx;break;
  48   2          case 3 : PWM3T1 = 0x0000;PWM3T2 = PWM_Buf*PWM_Pre;PWM3CR= 0x80|PWMx->PWM_Channelx;break;
  49   2          case 4 : PWM4T1 = 0x0000;PWM4T2 = PWM_Buf*PWM_Pre;PWM4CR= 0x80|PWMx->PWM_Channelx;break;
  50   2          case 5 : PWM5T1 = 0x0000;PWM5T2 = PWM_Buf*PWM_Pre;PWM5CR= 0x80|PWMx->PWM_Channelx;break;
C51 COMPILER V9.01   PWM                                                                   05/20/2019 10:29:18 PAGE 2   

  51   2          case 6 : PWM6T1 = 0x0000;PWM6T2 = PWM_Buf*PWM_Pre;PWM6CR= 0x80|PWMx->PWM_Channelx;break;
  52   2          case 7 : PWM7T1 = 0x0000;PWM7T2 = PWM_Buf*PWM_Pre;PWM7CR= 0x80|PWMx->PWM_Channelx;break;
  53   2          default:break;
  54   2        }
  55   1        P_SW2 = 0x00;                               //禁止访问扩展RAM（STC新增）
  56   1        PWMCR = 0x80;                               //启动PWM模块
  57   1      }
  58          


MODULE INFORMATION:   STATIC OVERLAYABLE
   CODE SIZE        =    765    ----
   CONSTANT SIZE    =   ----    ----
   XDATA SIZE       =   ----      12
   PDATA SIZE       =   ----    ----
   DATA SIZE        =   ----    ----
   IDATA SIZE       =   ----    ----
   BIT SIZE         =   ----    ----
END OF MODULE INFORMATION.


C51 COMPILATION COMPLETE.  0 WARNING(S),  0 ERROR(S)
