C51 COMPILER V9.01   SERVO                                                                 05/20/2019 10:29:15 PAGE 1   


C51 COMPILER V9.01, COMPILATION OF MODULE SERVO
OBJECT MODULE PLACED IN .\Objects\Servo.obj
COMPILER INVOKED BY: E:\KEIL14开发程序\C51\BIN\C51.EXE Library\device\Servo\Servo.c LARGE OPTIMIZE(8,SPEED) BROWSE INCDI
                    -R(.\Library\device\digital tube;.\Library\device\HC_SR04;.\Library\device\MP3Player;.\Library\device\Servo;.\Library\dev
                    -ice\WS2812B;.\Library\system\ADC;.\Library\system\delay;.\Library\system\EEPROM;.\Library\system\EXTI;.\Library\system\G
                    -PIO;.\Library\system\IIC;.\Library\system\PCA;.\Library\system\PWM;.\Library\system\SYSTEM(Important documents）;.\Libra
                    -ry\system\TIMER;.\Library\system\UART;.\Library\system\WatchDog) DEBUG OBJECTEXTEND PRINT(.\Listings\Servo.lst) TABS(2) 
                    -OBJECT(.\Objects\Servo.obj)

line level    source

   1          /**
   2            ******************************************************************************
   3            * @file    Servo.c
   4            * @author  PineconePi
   5            * @version V1.0.0
   6            * @date    20-December-2018
   7            * @brief  This file is used to control Servo
   8            * @License:GNU General Public License v3.0         
   9            ******************************************************************************
  10            * @attention
  11            *
  12            *
  13            *  
  14            * 
  15            * 
  16            * 
  17            * 
  18            *
  19            * 
  20            ******************************************************************************
  21            **/
  22          #include "Servo.h"
  23          //========================================================================
  24          // 函数: void Servo_Control(unsigned char Servo_Number,Servo_InitTypeDef *Servox)
  25          // 描述: 舵机控制函数。
  26          // 参数: Servo_Number   (舵机编号 参数范围：1~8)
  27          //       *Servox：详情见Servo.h
  28          // 返回: None.
  29          // 版本: VER1.0.0
  30          // 日期: 2019-2-10
  31          // 备注: 通过以下步骤控制舵机偏转到0度
  32          //  Servo_InitTypeDef Servo_Init;
  33          //  Servo_Init.Servo_Channelx=Servo_Channel1; 
  34          //  Servo_Init.Servo_Angle=0;
  35          //  Servo_Control(Servo1,&Servo_Init);
  36          //========================================================================
  37          void Servo_Control(unsigned char Servo_Number,Servo_InitTypeDef *Servox)
  38          { 
  39   1        float PWM_Buf = 0,PWM_Pre = 0,PWM_Value;
  40   1        float i;//转换系数，将角度转换为占空比
  41   1        i = 100/180;
  42   1        PWM_Buf = ( 1500000 / Servo_Frequency );
  43   1        PWM_Value = 1000 - ( 25+(0.55*Servox->Servo_Angle));
  44   1        PWM_Pre = (PWM_Value/1000);
  45   1        P_SW2 = 0x80;                               //允许访问扩展RAM（STC新增）
  46   1        PWMCKS = 0x0f;                              //系统时钟16分频
  47   1        PWMC = PWM_Buf; 
  48   1        switch(Servo_Number)
  49   1        {
  50   2          case 0 : PWM0T1 = 0x0000;PWM0T2 = PWM_Buf*PWM_Pre;PWM0CR= 0x80|Servox->Servo_Channelx;break;
C51 COMPILER V9.01   SERVO                                                                 05/20/2019 10:29:15 PAGE 2   

  51   2          case 1 : PWM1T1 = 0x0000;PWM1T2 = PWM_Buf*PWM_Pre;PWM1CR= 0x80|Servox->Servo_Channelx;break;
  52   2          case 2 : PWM2T1 = 0x0000;PWM2T2 = PWM_Buf*PWM_Pre;PWM2CR= 0x80|Servox->Servo_Channelx;break;
  53   2          case 3 : PWM3T1 = 0x0000;PWM3T2 = PWM_Buf*PWM_Pre;PWM3CR= 0x80|Servox->Servo_Channelx;break;
  54   2          case 4 : PWM4T1 = 0x0000;PWM4T2 = PWM_Buf*PWM_Pre;PWM4CR= 0x80|Servox->Servo_Channelx;break;
  55   2          case 5 : PWM5T1 = 0x0000;PWM5T2 = PWM_Buf*PWM_Pre;PWM5CR= 0x80|Servox->Servo_Channelx;break;
  56   2          case 6 : PWM6T1 = 0x0000;PWM6T2 = PWM_Buf*PWM_Pre;PWM6CR= 0x80|Servox->Servo_Channelx;break;
  57   2          case 7 : PWM7T1 = 0x0000;PWM7T2 = PWM_Buf*PWM_Pre;PWM7CR= 0x80|Servox->Servo_Channelx;break;
  58   2          default:break;
  59   2        }
  60   1        P_SW2 = 0x00;                               //禁止访问扩展RAM（STC新增）
  61   1        PWMCR = 0x80;                               //启动PWM模块
  62   1      }


MODULE INFORMATION:   STATIC OVERLAYABLE
   CODE SIZE        =    771    ----
   CONSTANT SIZE    =   ----    ----
   XDATA SIZE       =   ----      16
   PDATA SIZE       =   ----    ----
   DATA SIZE        =   ----    ----
   IDATA SIZE       =   ----    ----
   BIT SIZE         =   ----    ----
END OF MODULE INFORMATION.


C51 COMPILATION COMPLETE.  0 WARNING(S),  0 ERROR(S)
